<?xml version="1.0" encoding="UTF-8"?>
<TestRun id="3ead6d5f-78ed-47bc-9e14-8f26e8584ec4" name="Administrator@MSSQLSERVER 2020-06-18 15:31:40" runUser="MSSQLSERVER\Administrator" xmlns="http://microsoft.com/schemas/VisualStudio/TeamTest/2006">
  <TestRunConfiguration name="Local Test Run" id="8899ada6-f2a4-43d1-a375-1c19b41ffbfc">
    <Description>This is a default test run configuration for a local test run.</Description>
    <Deployment runDeploymentRoot="C:\Users\Administrator\Documents\Visual Studio 2008\Projects\ConsoleApplication3\TestResults\Administrator_MSSQLSERVER 2020-06-18 15_31_40">
      <DeploymentItem filename="C:\Users\Administrator\Documents\Visual Studio 2008\Projects\ConsoleApplication3\ConsoleApplication3\bin\Release\ConsoleApplication3.exe" />
    </Deployment>
    <TestTypeSpecific />
  </TestRunConfiguration>
  <ResultSummary outcome="Failed">
    <Counters total="5" executed="5" passed="4" error="0" failed="1" timeout="0" aborted="0" inconclusive="0" passedButRunAborted="0" notRunnable="0" notExecuted="0" disconnected="0" warning="0" completed="0" inProgress="0" pending="0" />
  </ResultSummary>
  <Times creation="2020-06-18T15:31:40.7220000+02:00" queuing="2020-06-18T15:31:41.8120000+02:00" start="2020-06-18T15:31:42.1990000+02:00" finish="2020-06-18T15:31:42.9700000+02:00" />
  <TestDefinitions>
    <UnitTest name="Test3_SprawdzenieDodaniaPliku" storage="c:\users\administrator\documents\visual studio 2008\projects\consoleapplication3\testproject1\bin\release\testproject1.dll" id="32917399-b40b-8e30-fd01-48dec74d663b">
      <Css projectStructure="" iteration="" />
      <Owners>
        <Owner name="" />
      </Owners>
      <Execution id="fb876db0-7026-455f-9d45-b9c27a56c73f" />
      <TestMethod codeBase="C:\Users\Administrator\Documents\Visual Studio 2008\Projects\ConsoleApplication3\TestProject1\bin\Release\TestProject1.dll" adapterTypeName="Microsoft.VisualStudio.TestTools.TestTypes.Unit.UnitTestAdapter, Microsoft.VisualStudio.QualityTools.Tips.UnitTest.Adapter, Version=9.0.0.0, Culture=neutral, PublicKeyToken=b03f5f7f11d50a3a" className="TestProject1.Testy, TestProject1" name="Test3_SprawdzenieDodaniaPliku" />
    </UnitTest>
    <UnitTest name="Test1_SprawdzenieWyszukiwanieUdane" storage="c:\users\administrator\documents\visual studio 2008\projects\consoleapplication3\testproject1\bin\release\testproject1.dll" id="03599d75-a54e-266f-e48f-de6bdbe66c16">
      <Css projectStructure="" iteration="" />
      <Owners>
        <Owner name="" />
      </Owners>
      <Execution id="ec9915e2-3743-4c17-9644-fc8daa6899a9" />
      <TestMethod codeBase="C:\Users\Administrator\Documents\Visual Studio 2008\Projects\ConsoleApplication3\TestProject1\bin\Release\TestProject1.dll" adapterTypeName="Microsoft.VisualStudio.TestTools.TestTypes.Unit.UnitTestAdapter, Microsoft.VisualStudio.QualityTools.Tips.UnitTest.Adapter, Version=9.0.0.0, Culture=neutral, PublicKeyToken=b03f5f7f11d50a3a" className="TestProject1.Testy, TestProject1" name="Test1_SprawdzenieWyszukiwanieUdane" />
    </UnitTest>
    <UnitTest name="Test2_SprawdzenieWyszukiwanieNieudane" storage="c:\users\administrator\documents\visual studio 2008\projects\consoleapplication3\testproject1\bin\release\testproject1.dll" id="a287e5bd-ca5b-465c-88c9-292b6b416ea4">
      <Css projectStructure="" iteration="" />
      <Owners>
        <Owner name="" />
      </Owners>
      <Execution id="6c07b5f6-ae7b-40bf-8931-c61a8083451d" />
      <TestMethod codeBase="C:\Users\Administrator\Documents\Visual Studio 2008\Projects\ConsoleApplication3\TestProject1\bin\Release\TestProject1.dll" adapterTypeName="Microsoft.VisualStudio.TestTools.TestTypes.Unit.UnitTestAdapter, Microsoft.VisualStudio.QualityTools.Tips.UnitTest.Adapter, Version=9.0.0.0, Culture=neutral, PublicKeyToken=b03f5f7f11d50a3a" className="TestProject1.Testy, TestProject1" name="Test2_SprawdzenieWyszukiwanieNieudane" />
    </UnitTest>
    <UnitTest name="Test5_SprawdzenieUsunieciaPlikuZWyszukiwaniem" storage="c:\users\administrator\documents\visual studio 2008\projects\consoleapplication3\testproject1\bin\release\testproject1.dll" id="17ac8747-b1fe-b140-5169-698ae1cd2536">
      <Css projectStructure="" iteration="" />
      <Owners>
        <Owner name="" />
      </Owners>
      <Execution id="f5c25463-16c1-49f7-8845-b94c4b50c15a" />
      <TestMethod codeBase="C:\Users\Administrator\Documents\Visual Studio 2008\Projects\ConsoleApplication3\TestProject1\bin\Release\TestProject1.dll" adapterTypeName="Microsoft.VisualStudio.TestTools.TestTypes.Unit.UnitTestAdapter, Microsoft.VisualStudio.QualityTools.Tips.UnitTest.Adapter, Version=9.0.0.0, Culture=neutral, PublicKeyToken=b03f5f7f11d50a3a" className="TestProject1.Testy, TestProject1" name="Test5_SprawdzenieUsunieciaPlikuZWyszukiwaniem" />
    </UnitTest>
    <UnitTest name="Test4_SprawdzenieUsunieciaPliku" storage="c:\users\administrator\documents\visual studio 2008\projects\consoleapplication3\testproject1\bin\release\testproject1.dll" id="384a83c6-c2ca-84c3-4f13-c1a47f7d004d">
      <Css projectStructure="" iteration="" />
      <Owners>
        <Owner name="" />
      </Owners>
      <Execution id="04ae6277-d1cb-4141-91ef-7b13297b48ee" />
      <TestMethod codeBase="C:\Users\Administrator\Documents\Visual Studio 2008\Projects\ConsoleApplication3\TestProject1\bin\Release\TestProject1.dll" adapterTypeName="Microsoft.VisualStudio.TestTools.TestTypes.Unit.UnitTestAdapter, Microsoft.VisualStudio.QualityTools.Tips.UnitTest.Adapter, Version=9.0.0.0, Culture=neutral, PublicKeyToken=b03f5f7f11d50a3a" className="TestProject1.Testy, TestProject1" name="Test4_SprawdzenieUsunieciaPliku" />
    </UnitTest>
  </TestDefinitions>
  <TestLists>
    <TestList name="Results Not in a List" id="8c84fa94-04c1-424b-9868-57a2d4851a1d" />
    <TestList name="All Loaded Results" id="19431567-8539-422a-85d7-44ee4e166bda" />
  </TestLists>
  <TestEntries>
    <TestEntry testId="03599d75-a54e-266f-e48f-de6bdbe66c16" executionId="ec9915e2-3743-4c17-9644-fc8daa6899a9" testListId="8c84fa94-04c1-424b-9868-57a2d4851a1d" />
    <TestEntry testId="17ac8747-b1fe-b140-5169-698ae1cd2536" executionId="f5c25463-16c1-49f7-8845-b94c4b50c15a" testListId="8c84fa94-04c1-424b-9868-57a2d4851a1d" />
    <TestEntry testId="32917399-b40b-8e30-fd01-48dec74d663b" executionId="fb876db0-7026-455f-9d45-b9c27a56c73f" testListId="8c84fa94-04c1-424b-9868-57a2d4851a1d" />
    <TestEntry testId="384a83c6-c2ca-84c3-4f13-c1a47f7d004d" executionId="04ae6277-d1cb-4141-91ef-7b13297b48ee" testListId="8c84fa94-04c1-424b-9868-57a2d4851a1d" />
    <TestEntry testId="a287e5bd-ca5b-465c-88c9-292b6b416ea4" executionId="6c07b5f6-ae7b-40bf-8931-c61a8083451d" testListId="8c84fa94-04c1-424b-9868-57a2d4851a1d" />
  </TestEntries>
  <Results>
    <UnitTestResult executionId="ec9915e2-3743-4c17-9644-fc8daa6899a9" testId="03599d75-a54e-266f-e48f-de6bdbe66c16" testName="Test1_SprawdzenieWyszukiwanieUdane" computerName="MSSQLSERVER" duration="00:00:00.1854619" startTime="2020-06-18T15:31:42.3030000+02:00" endTime="2020-06-18T15:31:42.7600000+02:00" testType="13cdc9d9-ddb5-4fa4-a97d-d965ccfc6d4b" outcome="Passed" testListId="8c84fa94-04c1-424b-9868-57a2d4851a1d">
      <Output>
      </Output>
    </UnitTestResult>
    <UnitTestResult executionId="f5c25463-16c1-49f7-8845-b94c4b50c15a" testId="17ac8747-b1fe-b140-5169-698ae1cd2536" testName="Test5_SprawdzenieUsunieciaPlikuZWyszukiwaniem" computerName="MSSQLSERVER" duration="00:00:00.0062808" startTime="2020-06-18T15:31:42.7670000+02:00" endTime="2020-06-18T15:31:42.7770000+02:00" testType="13cdc9d9-ddb5-4fa4-a97d-d965ccfc6d4b" outcome="Passed" testListId="8c84fa94-04c1-424b-9868-57a2d4851a1d">
      <Output>
      </Output>
    </UnitTestResult>
    <UnitTestResult executionId="fb876db0-7026-455f-9d45-b9c27a56c73f" testId="32917399-b40b-8e30-fd01-48dec74d663b" testName="Test3_SprawdzenieDodaniaPliku" computerName="MSSQLSERVER" duration="00:00:00.0207044" startTime="2020-06-18T15:31:42.7820000+02:00" endTime="2020-06-18T15:31:42.8110000+02:00" testType="13cdc9d9-ddb5-4fa4-a97d-d965ccfc6d4b" outcome="Failed" testListId="8c84fa94-04c1-424b-9868-57a2d4851a1d">
      <Output>
        <ErrorInfo>
          <Message>Test method TestProject1.Testy.Test3_SprawdzenieDodaniaPliku threw exception:  System.IndexOutOfRangeException: Indeks wykraczał poza granice tablicy..</Message>
          <StackTrace>    w TestProject1.Testy.Test3_SprawdzenieDodaniaPliku() w C:\Users\Administrator\Documents\Visual Studio 2008\Projects\ConsoleApplication3\TestProject1\Testy.cs:wiersz 58
</StackTrace>
        </ErrorInfo>
      </Output>
    </UnitTestResult>
    <UnitTestResult executionId="04ae6277-d1cb-4141-91ef-7b13297b48ee" testId="384a83c6-c2ca-84c3-4f13-c1a47f7d004d" testName="Test4_SprawdzenieUsunieciaPliku" computerName="MSSQLSERVER" duration="00:00:00.0026481" startTime="2020-06-18T15:31:42.8150000+02:00" endTime="2020-06-18T15:31:42.8210000+02:00" testType="13cdc9d9-ddb5-4fa4-a97d-d965ccfc6d4b" outcome="Passed" testListId="8c84fa94-04c1-424b-9868-57a2d4851a1d">
      <Output>
      </Output>
    </UnitTestResult>
    <UnitTestResult executionId="6c07b5f6-ae7b-40bf-8931-c61a8083451d" testId="a287e5bd-ca5b-465c-88c9-292b6b416ea4" testName="Test2_SprawdzenieWyszukiwanieNieudane" computerName="MSSQLSERVER" duration="00:00:00.0010874" startTime="2020-06-18T15:31:42.8250000+02:00" endTime="2020-06-18T15:31:42.8300000+02:00" testType="13cdc9d9-ddb5-4fa4-a97d-d965ccfc6d4b" outcome="Passed" testListId="8c84fa94-04c1-424b-9868-57a2d4851a1d">
      <Output>
      </Output>
    </UnitTestResult>
  </Results>
</TestRun>