<?xml version="1.0" encoding="UTF-8"?>
<TestRun id="9067242a-d109-421c-93af-7f2f8fa6dfd2" name="Administrator@MSSQLSERVER 2020-06-16 18:02:27" runUser="MSSQLSERVER\Administrator" xmlns="http://microsoft.com/schemas/VisualStudio/TeamTest/2006">
  <TestRunConfiguration name="Local Test Run" id="8899ada6-f2a4-43d1-a375-1c19b41ffbfc">
    <Description>This is a default test run configuration for a local test run.</Description>
    <Deployment runDeploymentRoot="C:\Users\Administrator\Documents\Visual Studio 2008\Projects\ConsoleApplication3\TestResults\Administrator_MSSQLSERVER 2020-06-16 18_02_27">
      <DeploymentItem filename="C:\Users\Administrator\Documents\Visual Studio 2008\Projects\ConsoleApplication3\ConsoleApplication3\bin\Release\ConsoleApplication3.exe" />
    </Deployment>
    <TestTypeSpecific />
  </TestRunConfiguration>
  <ResultSummary outcome="Failed">
    <Counters total="4" executed="4" error="0" failed="4" timeout="0" aborted="0" inconclusive="0" passedButRunAborted="0" notRunnable="0" notExecuted="0" disconnected="0" warning="0" passed="0" completed="0" inProgress="0" pending="0" />
  </ResultSummary>
  <Times creation="2020-06-16T18:02:27.6183363+02:00" queuing="2020-06-16T18:02:28.0053363+02:00" start="2020-06-16T18:02:28.2053363+02:00" finish="2020-06-16T18:02:30.3233363+02:00" />
  <TestDefinitions>
    <UnitTest name="Test3_SprawdzenieDodaniaPliku" storage="c:\users\administrator\documents\visual studio 2008\projects\consoleapplication3\testproject1\bin\release\testproject1.dll" id="32917399-b40b-8e30-fd01-48dec74d663b">
      <Css projectStructure="" iteration="" />
      <Owners>
        <Owner name="" />
      </Owners>
      <Execution id="f79a1afa-a40d-45cf-9cb2-eddf615db18b" />
      <TestMethod codeBase="C:\Users\Administrator\Documents\Visual Studio 2008\Projects\ConsoleApplication3\TestProject1\bin\Release\TestProject1.dll" adapterTypeName="Microsoft.VisualStudio.TestTools.TestTypes.Unit.UnitTestAdapter, Microsoft.VisualStudio.QualityTools.Tips.UnitTest.Adapter, Version=9.0.0.0, Culture=neutral, PublicKeyToken=b03f5f7f11d50a3a" className="TestProject1.Testy, TestProject1" name="Test3_SprawdzenieDodaniaPliku" />
    </UnitTest>
    <UnitTest name="Test1_SprawdzenieWyszukiwanieUdane" storage="c:\users\administrator\documents\visual studio 2008\projects\consoleapplication3\testproject1\bin\release\testproject1.dll" id="03599d75-a54e-266f-e48f-de6bdbe66c16">
      <Css projectStructure="" iteration="" />
      <Owners>
        <Owner name="" />
      </Owners>
      <Execution id="ea4174b7-9cfb-46d9-b223-2d9237bcb6b8" />
      <TestMethod codeBase="C:\Users\Administrator\Documents\Visual Studio 2008\Projects\ConsoleApplication3\TestProject1\bin\Release\TestProject1.dll" adapterTypeName="Microsoft.VisualStudio.TestTools.TestTypes.Unit.UnitTestAdapter, Microsoft.VisualStudio.QualityTools.Tips.UnitTest.Adapter, Version=9.0.0.0, Culture=neutral, PublicKeyToken=b03f5f7f11d50a3a" className="TestProject1.Testy, TestProject1" name="Test1_SprawdzenieWyszukiwanieUdane" />
    </UnitTest>
    <UnitTest name="Test2_SprawdzenieWyszukiwanieNieudane" storage="c:\users\administrator\documents\visual studio 2008\projects\consoleapplication3\testproject1\bin\release\testproject1.dll" id="a287e5bd-ca5b-465c-88c9-292b6b416ea4">
      <Css projectStructure="" iteration="" />
      <Owners>
        <Owner name="" />
      </Owners>
      <Execution id="1eeca97c-49ae-47c3-9860-84228f96e820" />
      <TestMethod codeBase="C:\Users\Administrator\Documents\Visual Studio 2008\Projects\ConsoleApplication3\TestProject1\bin\Release\TestProject1.dll" adapterTypeName="Microsoft.VisualStudio.TestTools.TestTypes.Unit.UnitTestAdapter, Microsoft.VisualStudio.QualityTools.Tips.UnitTest.Adapter, Version=9.0.0.0, Culture=neutral, PublicKeyToken=b03f5f7f11d50a3a" className="TestProject1.Testy, TestProject1" name="Test2_SprawdzenieWyszukiwanieNieudane" />
    </UnitTest>
    <UnitTest name="Test4_SprawdzenieUsunieciaPliku" storage="c:\users\administrator\documents\visual studio 2008\projects\consoleapplication3\testproject1\bin\release\testproject1.dll" id="384a83c6-c2ca-84c3-4f13-c1a47f7d004d">
      <Css projectStructure="" iteration="" />
      <Owners>
        <Owner name="" />
      </Owners>
      <Execution id="ffc9a64d-7594-45f3-8ef1-0f7a7e4786c1" />
      <TestMethod codeBase="C:\Users\Administrator\Documents\Visual Studio 2008\Projects\ConsoleApplication3\TestProject1\bin\Release\TestProject1.dll" adapterTypeName="Microsoft.VisualStudio.TestTools.TestTypes.Unit.UnitTestAdapter, Microsoft.VisualStudio.QualityTools.Tips.UnitTest.Adapter, Version=9.0.0.0, Culture=neutral, PublicKeyToken=b03f5f7f11d50a3a" className="TestProject1.Testy, TestProject1" name="Test4_SprawdzenieUsunieciaPliku" />
    </UnitTest>
  </TestDefinitions>
  <TestLists>
    <TestList name="Results Not in a List" id="8c84fa94-04c1-424b-9868-57a2d4851a1d" />
    <TestList name="All Loaded Results" id="19431567-8539-422a-85d7-44ee4e166bda" />
  </TestLists>
  <TestEntries>
    <TestEntry testId="03599d75-a54e-266f-e48f-de6bdbe66c16" executionId="ea4174b7-9cfb-46d9-b223-2d9237bcb6b8" testListId="8c84fa94-04c1-424b-9868-57a2d4851a1d" />
    <TestEntry testId="32917399-b40b-8e30-fd01-48dec74d663b" executionId="f79a1afa-a40d-45cf-9cb2-eddf615db18b" testListId="8c84fa94-04c1-424b-9868-57a2d4851a1d" />
    <TestEntry testId="384a83c6-c2ca-84c3-4f13-c1a47f7d004d" executionId="ffc9a64d-7594-45f3-8ef1-0f7a7e4786c1" testListId="8c84fa94-04c1-424b-9868-57a2d4851a1d" />
    <TestEntry testId="a287e5bd-ca5b-465c-88c9-292b6b416ea4" executionId="1eeca97c-49ae-47c3-9860-84228f96e820" testListId="8c84fa94-04c1-424b-9868-57a2d4851a1d" />
  </TestEntries>
  <Results>
    <UnitTestResult executionId="ea4174b7-9cfb-46d9-b223-2d9237bcb6b8" testId="03599d75-a54e-266f-e48f-de6bdbe66c16" testName="Test1_SprawdzenieWyszukiwanieUdane" computerName="MSSQLSERVER" duration="00:00:00.0626750" startTime="2020-06-16T18:02:28.2603363+02:00" endTime="2020-06-16T18:02:28.4623363+02:00" testType="13cdc9d9-ddb5-4fa4-a97d-d965ccfc6d4b" outcome="Failed" testListId="8c84fa94-04c1-424b-9868-57a2d4851a1d">
      <Output>
        <ErrorInfo>
          <Message>Test method TestProject1.Testy.Test1_SprawdzenieWyszukiwanieUdane threw exception:  System.Data.SqlClient.SqlException: Must declare the table variable "@table"..</Message>
          <StackTrace>    w System.Data.SqlClient.SqlConnection.OnError(SqlException exception, Boolean breakConnection)
   w System.Data.SqlClient.SqlInternalConnection.OnError(SqlException exception, Boolean breakConnection)
   w System.Data.SqlClient.TdsParser.ThrowExceptionAndWarning(TdsParserStateObject stateObj)
   w System.Data.SqlClient.TdsParser.Run(RunBehavior runBehavior, SqlCommand cmdHandler, SqlDataReader dataStream, BulkCopySimpleResultSet bulkCopyHandler, TdsParserStateObject stateObj)
   w System.Data.SqlClient.SqlDataReader.ConsumeMetaData()
   w System.Data.SqlClient.SqlDataReader.get_MetaData()
   w System.Data.SqlClient.SqlCommand.FinishExecuteReader(SqlDataReader ds, RunBehavior runBehavior, String resetOptionsString)
   w System.Data.SqlClient.SqlCommand.RunExecuteReaderTds(CommandBehavior cmdBehavior, RunBehavior runBehavior, Boolean returnStream, Boolean async)
   w System.Data.SqlClient.SqlCommand.RunExecuteReader(CommandBehavior cmdBehavior, RunBehavior runBehavior, Boolean returnStream, String method, DbAsyncResult result)
   w System.Data.SqlClient.SqlCommand.RunExecuteReader(CommandBehavior cmdBehavior, RunBehavior runBehavior, Boolean returnStream, String method)
   w System.Data.SqlClient.SqlCommand.ExecuteReader(CommandBehavior behavior, String method)
   w System.Data.SqlClient.SqlCommand.ExecuteReader()
   w CLOB.CLOB.find(String textToFind) w C:\Users\Administrator\Documents\Visual Studio 2008\Projects\ConsoleApplication3\ConsoleApplication3\CLOB.cs:wiersz 40
   w TestProject1.Testy.Test1_SprawdzenieWyszukiwanieUdane() w C:\Users\Administrator\Documents\Visual Studio 2008\Projects\ConsoleApplication3\TestProject1\Testy.cs:wiersz 52
</StackTrace>
        </ErrorInfo>
      </Output>
    </UnitTestResult>
    <UnitTestResult executionId="f79a1afa-a40d-45cf-9cb2-eddf615db18b" testId="32917399-b40b-8e30-fd01-48dec74d663b" testName="Test3_SprawdzenieDodaniaPliku" computerName="MSSQLSERVER" duration="00:00:00.0019745" startTime="2020-06-16T18:02:28.4703363+02:00" endTime="2020-06-16T18:02:28.4823363+02:00" testType="13cdc9d9-ddb5-4fa4-a97d-d965ccfc6d4b" outcome="Failed" testListId="8c84fa94-04c1-424b-9868-57a2d4851a1d">
      <Output>
        <ErrorInfo>
          <Message>Test method TestProject1.Testy.Test3_SprawdzenieDodaniaPliku threw exception:  System.IO.FileNotFoundException: Nie można odnaleźć pliku 'C:\Users\Administrator\Documents\Visual Studio 2008\Projects\ConsoleApplication3\TestResults\Administrator_MSSQLSERVER 2020-06-16 18_02_27\Out\TestowyDokument1.txt'..</Message>
          <StackTrace>    w System.IO.__Error.WinIOError(Int32 errorCode, String maybeFullPath)
   w System.IO.FileStream.Init(String path, FileMode mode, FileAccess access, Int32 rights, Boolean useRights, FileShare share, Int32 bufferSize, FileOptions options, SECURITY_ATTRIBUTES secAttrs, String msgPath, Boolean bFromProxy)
   w System.IO.FileStream..ctor(String path, FileMode mode, FileAccess access, FileShare share, Int32 bufferSize, FileOptions options)
   w System.IO.StreamReader..ctor(String path, Encoding encoding, Boolean detectEncodingFromByteOrderMarks, Int32 bufferSize)
   w System.IO.StreamReader..ctor(String path, Encoding encoding)
   w System.IO.File.ReadAllText(String path, Encoding encoding)
   w CLOB.CLOB.addDocument(String path, String name) w C:\Users\Administrator\Documents\Visual Studio 2008\Projects\ConsoleApplication3\ConsoleApplication3\CLOB.cs:wiersz 46
   w TestProject1.Testy.Test3_SprawdzenieDodaniaPliku() w C:\Users\Administrator\Documents\Visual Studio 2008\Projects\ConsoleApplication3\TestProject1\Testy.cs:wiersz 64
</StackTrace>
        </ErrorInfo>
      </Output>
    </UnitTestResult>
    <UnitTestResult executionId="ffc9a64d-7594-45f3-8ef1-0f7a7e4786c1" testId="384a83c6-c2ca-84c3-4f13-c1a47f7d004d" testName="Test4_SprawdzenieUsunieciaPliku" computerName="MSSQLSERVER" duration="00:00:00.0872331" startTime="2020-06-16T18:02:28.4843363+02:00" endTime="2020-06-16T18:02:28.5793363+02:00" testType="13cdc9d9-ddb5-4fa4-a97d-d965ccfc6d4b" outcome="Failed" testListId="8c84fa94-04c1-424b-9868-57a2d4851a1d">
      <Output>
        <ErrorInfo>
          <Message>Test method TestProject1.Testy.Test4_SprawdzenieUsunieciaPliku threw exception:  System.InvalidOperationException: Element ExecuteReader wymaga otwartego i dostępnego połączenia. Obecny stan połączenia: zamknięte..</Message>
          <StackTrace>    w System.Data.SqlClient.SqlConnection.GetOpenConnection(String method)
   w System.Data.SqlClient.SqlConnection.ValidateConnectionForExecute(String method, SqlCommand command)
   w System.Data.SqlClient.SqlCommand.ValidateCommand(String method, Boolean async)
   w System.Data.SqlClient.SqlCommand.RunExecuteReader(CommandBehavior cmdBehavior, RunBehavior runBehavior, Boolean returnStream, String method, DbAsyncResult result)
   w System.Data.SqlClient.SqlCommand.RunExecuteReader(CommandBehavior cmdBehavior, RunBehavior runBehavior, Boolean returnStream, String method)
   w System.Data.SqlClient.SqlCommand.ExecuteReader(CommandBehavior behavior, String method)
   w System.Data.SqlClient.SqlCommand.ExecuteReader()
   w CLOB.CLOB.deleteDocument(String textToFind) w C:\Users\Administrator\Documents\Visual Studio 2008\Projects\ConsoleApplication3\ConsoleApplication3\CLOB.cs:wiersz 73
   w TestProject1.Testy.Test4_SprawdzenieUsunieciaPliku() w C:\Users\Administrator\Documents\Visual Studio 2008\Projects\ConsoleApplication3\TestProject1\Testy.cs:wiersz 71
</StackTrace>
        </ErrorInfo>
      </Output>
    </UnitTestResult>
    <UnitTestResult executionId="1eeca97c-49ae-47c3-9860-84228f96e820" testId="a287e5bd-ca5b-465c-88c9-292b6b416ea4" testName="Test2_SprawdzenieWyszukiwanieNieudane" computerName="MSSQLSERVER" duration="00:00:00.0021631" startTime="2020-06-16T18:02:28.5813363+02:00" endTime="2020-06-16T18:02:28.5863363+02:00" testType="13cdc9d9-ddb5-4fa4-a97d-d965ccfc6d4b" outcome="Failed" testListId="8c84fa94-04c1-424b-9868-57a2d4851a1d">
      <Output>
        <ErrorInfo>
          <Message>Test method TestProject1.Testy.Test2_SprawdzenieWyszukiwanieNieudane threw exception:  System.Data.SqlClient.SqlException: Must declare the table variable "@table"..</Message>
          <StackTrace>    w System.Data.SqlClient.SqlConnection.OnError(SqlException exception, Boolean breakConnection)
   w System.Data.SqlClient.SqlInternalConnection.OnError(SqlException exception, Boolean breakConnection)
   w System.Data.SqlClient.TdsParser.ThrowExceptionAndWarning(TdsParserStateObject stateObj)
   w System.Data.SqlClient.TdsParser.Run(RunBehavior runBehavior, SqlCommand cmdHandler, SqlDataReader dataStream, BulkCopySimpleResultSet bulkCopyHandler, TdsParserStateObject stateObj)
   w System.Data.SqlClient.SqlDataReader.ConsumeMetaData()
   w System.Data.SqlClient.SqlDataReader.get_MetaData()
   w System.Data.SqlClient.SqlCommand.FinishExecuteReader(SqlDataReader ds, RunBehavior runBehavior, String resetOptionsString)
   w System.Data.SqlClient.SqlCommand.RunExecuteReaderTds(CommandBehavior cmdBehavior, RunBehavior runBehavior, Boolean returnStream, Boolean async)
   w System.Data.SqlClient.SqlCommand.RunExecuteReader(CommandBehavior cmdBehavior, RunBehavior runBehavior, Boolean returnStream, String method, DbAsyncResult result)
   w System.Data.SqlClient.SqlCommand.RunExecuteReader(CommandBehavior cmdBehavior, RunBehavior runBehavior, Boolean returnStream, String method)
   w System.Data.SqlClient.SqlCommand.ExecuteReader(CommandBehavior behavior, String method)
   w System.Data.SqlClient.SqlCommand.ExecuteReader()
   w CLOB.CLOB.find(String textToFind) w C:\Users\Administrator\Documents\Visual Studio 2008\Projects\ConsoleApplication3\ConsoleApplication3\CLOB.cs:wiersz 40
   w TestProject1.Testy.Test2_SprawdzenieWyszukiwanieNieudane() w C:\Users\Administrator\Documents\Visual Studio 2008\Projects\ConsoleApplication3\TestProject1\Testy.cs:wiersz 58
</StackTrace>
        </ErrorInfo>
      </Output>
    </UnitTestResult>
  </Results>
</TestRun>