<?xml version="1.0" encoding="UTF-8"?>
<TestRun id="6f072063-bba9-4a8a-a7e0-26c9a878d163" name="Administrator@MSSQLSERVER 2020-06-16 18:54:08" runUser="MSSQLSERVER\Administrator" xmlns="http://microsoft.com/schemas/VisualStudio/TeamTest/2006">
  <TestRunConfiguration name="Local Test Run" id="8899ada6-f2a4-43d1-a375-1c19b41ffbfc">
    <Description>This is a default test run configuration for a local test run.</Description>
    <Deployment runDeploymentRoot="C:\Users\Administrator\Documents\Visual Studio 2008\Projects\ConsoleApplication3\TestResults\Administrator_MSSQLSERVER 2020-06-16 18_54_08">
      <DeploymentItem filename="C:\Users\Administrator\Documents\Visual Studio 2008\Projects\ConsoleApplication3\ConsoleApplication3\bin\Release\ConsoleApplication3.exe" />
    </Deployment>
    <TestTypeSpecific />
  </TestRunConfiguration>
  <ResultSummary outcome="Failed">
    <Counters total="4" executed="4" error="0" failed="4" timeout="0" aborted="0" inconclusive="0" passedButRunAborted="0" notRunnable="0" notExecuted="0" disconnected="0" warning="0" passed="0" completed="0" inProgress="0" pending="0" />
  </ResultSummary>
  <Times creation="2020-06-16T18:54:08.2923363+02:00" queuing="2020-06-16T18:54:08.7233363+02:00" start="2020-06-16T18:54:08.8463363+02:00" finish="2020-06-16T18:54:09.4833363+02:00" />
  <TestDefinitions>
    <UnitTest name="Test3_SprawdzenieDodaniaPliku" storage="c:\users\administrator\documents\visual studio 2008\projects\consoleapplication3\testproject1\bin\release\testproject1.dll" id="32917399-b40b-8e30-fd01-48dec74d663b">
      <Css projectStructure="" iteration="" />
      <Owners>
        <Owner name="" />
      </Owners>
      <Execution id="12ec1689-079f-4f91-8b03-be81fc611b1e" />
      <TestMethod codeBase="C:\Users\Administrator\Documents\Visual Studio 2008\Projects\ConsoleApplication3\TestProject1\bin\Release\TestProject1.dll" adapterTypeName="Microsoft.VisualStudio.TestTools.TestTypes.Unit.UnitTestAdapter, Microsoft.VisualStudio.QualityTools.Tips.UnitTest.Adapter, Version=9.0.0.0, Culture=neutral, PublicKeyToken=b03f5f7f11d50a3a" className="TestProject1.Testy, TestProject1" name="Test3_SprawdzenieDodaniaPliku" />
    </UnitTest>
    <UnitTest name="Test1_SprawdzenieWyszukiwanieUdane" storage="c:\users\administrator\documents\visual studio 2008\projects\consoleapplication3\testproject1\bin\release\testproject1.dll" id="03599d75-a54e-266f-e48f-de6bdbe66c16">
      <Css projectStructure="" iteration="" />
      <Owners>
        <Owner name="" />
      </Owners>
      <Execution id="ff4f43b2-3e15-4825-9381-7caca689446f" />
      <TestMethod codeBase="C:\Users\Administrator\Documents\Visual Studio 2008\Projects\ConsoleApplication3\TestProject1\bin\Release\TestProject1.dll" adapterTypeName="Microsoft.VisualStudio.TestTools.TestTypes.Unit.UnitTestAdapter, Microsoft.VisualStudio.QualityTools.Tips.UnitTest.Adapter, Version=9.0.0.0, Culture=neutral, PublicKeyToken=b03f5f7f11d50a3a" className="TestProject1.Testy, TestProject1" name="Test1_SprawdzenieWyszukiwanieUdane" />
    </UnitTest>
    <UnitTest name="Test2_SprawdzenieWyszukiwanieNieudane" storage="c:\users\administrator\documents\visual studio 2008\projects\consoleapplication3\testproject1\bin\release\testproject1.dll" id="a287e5bd-ca5b-465c-88c9-292b6b416ea4">
      <Css projectStructure="" iteration="" />
      <Owners>
        <Owner name="" />
      </Owners>
      <Execution id="a1103aed-2124-46ae-913b-3a2c0d67cc39" />
      <TestMethod codeBase="C:\Users\Administrator\Documents\Visual Studio 2008\Projects\ConsoleApplication3\TestProject1\bin\Release\TestProject1.dll" adapterTypeName="Microsoft.VisualStudio.TestTools.TestTypes.Unit.UnitTestAdapter, Microsoft.VisualStudio.QualityTools.Tips.UnitTest.Adapter, Version=9.0.0.0, Culture=neutral, PublicKeyToken=b03f5f7f11d50a3a" className="TestProject1.Testy, TestProject1" name="Test2_SprawdzenieWyszukiwanieNieudane" />
    </UnitTest>
    <UnitTest name="Test4_SprawdzenieUsunieciaPliku" storage="c:\users\administrator\documents\visual studio 2008\projects\consoleapplication3\testproject1\bin\release\testproject1.dll" id="384a83c6-c2ca-84c3-4f13-c1a47f7d004d">
      <Css projectStructure="" iteration="" />
      <Owners>
        <Owner name="" />
      </Owners>
      <Execution id="8f4fe2c1-77a3-4434-bdb6-1093841282e8" />
      <TestMethod codeBase="C:\Users\Administrator\Documents\Visual Studio 2008\Projects\ConsoleApplication3\TestProject1\bin\Release\TestProject1.dll" adapterTypeName="Microsoft.VisualStudio.TestTools.TestTypes.Unit.UnitTestAdapter, Microsoft.VisualStudio.QualityTools.Tips.UnitTest.Adapter, Version=9.0.0.0, Culture=neutral, PublicKeyToken=b03f5f7f11d50a3a" className="TestProject1.Testy, TestProject1" name="Test4_SprawdzenieUsunieciaPliku" />
    </UnitTest>
  </TestDefinitions>
  <TestLists>
    <TestList name="Results Not in a List" id="8c84fa94-04c1-424b-9868-57a2d4851a1d" />
    <TestList name="All Loaded Results" id="19431567-8539-422a-85d7-44ee4e166bda" />
  </TestLists>
  <TestEntries>
    <TestEntry testId="03599d75-a54e-266f-e48f-de6bdbe66c16" executionId="ff4f43b2-3e15-4825-9381-7caca689446f" testListId="8c84fa94-04c1-424b-9868-57a2d4851a1d" />
    <TestEntry testId="32917399-b40b-8e30-fd01-48dec74d663b" executionId="12ec1689-079f-4f91-8b03-be81fc611b1e" testListId="8c84fa94-04c1-424b-9868-57a2d4851a1d" />
    <TestEntry testId="384a83c6-c2ca-84c3-4f13-c1a47f7d004d" executionId="8f4fe2c1-77a3-4434-bdb6-1093841282e8" testListId="8c84fa94-04c1-424b-9868-57a2d4851a1d" />
    <TestEntry testId="a287e5bd-ca5b-465c-88c9-292b6b416ea4" executionId="a1103aed-2124-46ae-913b-3a2c0d67cc39" testListId="8c84fa94-04c1-424b-9868-57a2d4851a1d" />
  </TestEntries>
  <Results>
    <UnitTestResult executionId="ff4f43b2-3e15-4825-9381-7caca689446f" testId="03599d75-a54e-266f-e48f-de6bdbe66c16" testName="Test1_SprawdzenieWyszukiwanieUdane" computerName="MSSQLSERVER" duration="00:00:00.3098898" startTime="2020-06-16T18:54:08.8873363+02:00" endTime="2020-06-16T18:54:09.3813363+02:00" testType="13cdc9d9-ddb5-4fa4-a97d-d965ccfc6d4b" outcome="Failed" testListId="8c84fa94-04c1-424b-9868-57a2d4851a1d">
      <Output>
        <ErrorInfo>
          <Message>Test method TestProject1.Testy.Test1_SprawdzenieWyszukiwanieUdane threw exception:  System.Data.SqlClient.SqlException: Incorrect syntax near '@text'..</Message>
          <StackTrace>    w System.Data.SqlClient.SqlConnection.OnError(SqlException exception, Boolean breakConnection)
   w System.Data.SqlClient.SqlInternalConnection.OnError(SqlException exception, Boolean breakConnection)
   w System.Data.SqlClient.TdsParser.ThrowExceptionAndWarning(TdsParserStateObject stateObj)
   w System.Data.SqlClient.TdsParser.Run(RunBehavior runBehavior, SqlCommand cmdHandler, SqlDataReader dataStream, BulkCopySimpleResultSet bulkCopyHandler, TdsParserStateObject stateObj)
   w System.Data.SqlClient.SqlDataReader.ConsumeMetaData()
   w System.Data.SqlClient.SqlDataReader.get_MetaData()
   w System.Data.SqlClient.SqlCommand.FinishExecuteReader(SqlDataReader ds, RunBehavior runBehavior, String resetOptionsString)
   w System.Data.SqlClient.SqlCommand.RunExecuteReaderTds(CommandBehavior cmdBehavior, RunBehavior runBehavior, Boolean returnStream, Boolean async)
   w System.Data.SqlClient.SqlCommand.RunExecuteReader(CommandBehavior cmdBehavior, RunBehavior runBehavior, Boolean returnStream, String method, DbAsyncResult result)
   w System.Data.SqlClient.SqlCommand.RunExecuteReader(CommandBehavior cmdBehavior, RunBehavior runBehavior, Boolean returnStream, String method)
   w System.Data.SqlClient.SqlCommand.ExecuteReader(CommandBehavior behavior, String method)
   w System.Data.SqlClient.SqlCommand.ExecuteReader()
   w CLOB.CLOB.find(String textToFind) w C:\Users\Administrator\Documents\Visual Studio 2008\Projects\ConsoleApplication3\ConsoleApplication3\CLOB.cs:wiersz 40
   w TestProject1.Testy.Test1_SprawdzenieWyszukiwanieUdane() w C:\Users\Administrator\Documents\Visual Studio 2008\Projects\ConsoleApplication3\TestProject1\Testy.cs:wiersz 52
</StackTrace>
        </ErrorInfo>
      </Output>
    </UnitTestResult>
    <UnitTestResult executionId="12ec1689-079f-4f91-8b03-be81fc611b1e" testId="32917399-b40b-8e30-fd01-48dec74d663b" testName="Test3_SprawdzenieDodaniaPliku" computerName="MSSQLSERVER" duration="00:00:00.0033340" startTime="2020-06-16T18:54:09.3893363+02:00" endTime="2020-06-16T18:54:09.3953363+02:00" testType="13cdc9d9-ddb5-4fa4-a97d-d965ccfc6d4b" outcome="Failed" testListId="8c84fa94-04c1-424b-9868-57a2d4851a1d">
      <Output>
        <ErrorInfo>
          <Message>Test method TestProject1.Testy.Test3_SprawdzenieDodaniaPliku threw exception:  System.Data.SqlClient.SqlException: Incorrect syntax near the keyword 'table'..</Message>
          <StackTrace>    w System.Data.SqlClient.SqlConnection.OnError(SqlException exception, Boolean breakConnection)
   w System.Data.SqlClient.SqlInternalConnection.OnError(SqlException exception, Boolean breakConnection)
   w System.Data.SqlClient.TdsParser.ThrowExceptionAndWarning(TdsParserStateObject stateObj)
   w System.Data.SqlClient.TdsParser.Run(RunBehavior runBehavior, SqlCommand cmdHandler, SqlDataReader dataStream, BulkCopySimpleResultSet bulkCopyHandler, TdsParserStateObject stateObj)
   w System.Data.SqlClient.SqlCommand.FinishExecuteReader(SqlDataReader ds, RunBehavior runBehavior, String resetOptionsString)
   w System.Data.SqlClient.SqlCommand.RunExecuteReaderTds(CommandBehavior cmdBehavior, RunBehavior runBehavior, Boolean returnStream, Boolean async)
   w System.Data.SqlClient.SqlCommand.RunExecuteReader(CommandBehavior cmdBehavior, RunBehavior runBehavior, Boolean returnStream, String method, DbAsyncResult result)
   w System.Data.SqlClient.SqlCommand.InternalExecuteNonQuery(DbAsyncResult result, String methodName, Boolean sendToPipe)
   w System.Data.SqlClient.SqlCommand.ExecuteNonQuery()
   w CLOB.CLOB.addDocument(String path, String name) w C:\Users\Administrator\Documents\Visual Studio 2008\Projects\ConsoleApplication3\ConsoleApplication3\CLOB.cs:wiersz 56
   w TestProject1.Testy.Test3_SprawdzenieDodaniaPliku() w C:\Users\Administrator\Documents\Visual Studio 2008\Projects\ConsoleApplication3\TestProject1\Testy.cs:wiersz 64
</StackTrace>
        </ErrorInfo>
      </Output>
    </UnitTestResult>
    <UnitTestResult executionId="8f4fe2c1-77a3-4434-bdb6-1093841282e8" testId="384a83c6-c2ca-84c3-4f13-c1a47f7d004d" testName="Test4_SprawdzenieUsunieciaPliku" computerName="MSSQLSERVER" duration="00:00:00.0027204" startTime="2020-06-16T18:54:09.4043363+02:00" endTime="2020-06-16T18:54:09.4103363+02:00" testType="13cdc9d9-ddb5-4fa4-a97d-d965ccfc6d4b" outcome="Failed" testListId="8c84fa94-04c1-424b-9868-57a2d4851a1d">
      <Output>
        <ErrorInfo>
          <Message>Test method TestProject1.Testy.Test4_SprawdzenieUsunieciaPliku threw exception:  System.Data.SqlClient.SqlException: Incorrect syntax near '@text'..</Message>
          <StackTrace>    w System.Data.SqlClient.SqlConnection.OnError(SqlException exception, Boolean breakConnection)
   w System.Data.SqlClient.SqlInternalConnection.OnError(SqlException exception, Boolean breakConnection)
   w System.Data.SqlClient.TdsParser.ThrowExceptionAndWarning(TdsParserStateObject stateObj)
   w System.Data.SqlClient.TdsParser.Run(RunBehavior runBehavior, SqlCommand cmdHandler, SqlDataReader dataStream, BulkCopySimpleResultSet bulkCopyHandler, TdsParserStateObject stateObj)
   w System.Data.SqlClient.SqlDataReader.ConsumeMetaData()
   w System.Data.SqlClient.SqlDataReader.get_MetaData()
   w System.Data.SqlClient.SqlCommand.FinishExecuteReader(SqlDataReader ds, RunBehavior runBehavior, String resetOptionsString)
   w System.Data.SqlClient.SqlCommand.RunExecuteReaderTds(CommandBehavior cmdBehavior, RunBehavior runBehavior, Boolean returnStream, Boolean async)
   w System.Data.SqlClient.SqlCommand.RunExecuteReader(CommandBehavior cmdBehavior, RunBehavior runBehavior, Boolean returnStream, String method, DbAsyncResult result)
   w System.Data.SqlClient.SqlCommand.RunExecuteReader(CommandBehavior cmdBehavior, RunBehavior runBehavior, Boolean returnStream, String method)
   w System.Data.SqlClient.SqlCommand.ExecuteReader(CommandBehavior behavior, String method)
   w System.Data.SqlClient.SqlCommand.ExecuteReader()
   w CLOB.CLOB.deleteDocument(String textToFind) w C:\Users\Administrator\Documents\Visual Studio 2008\Projects\ConsoleApplication3\ConsoleApplication3\CLOB.cs:wiersz 75
   w TestProject1.Testy.Test4_SprawdzenieUsunieciaPliku() w C:\Users\Administrator\Documents\Visual Studio 2008\Projects\ConsoleApplication3\TestProject1\Testy.cs:wiersz 71
</StackTrace>
        </ErrorInfo>
      </Output>
    </UnitTestResult>
    <UnitTestResult executionId="a1103aed-2124-46ae-913b-3a2c0d67cc39" testId="a287e5bd-ca5b-465c-88c9-292b6b416ea4" testName="Test2_SprawdzenieWyszukiwanieNieudane" computerName="MSSQLSERVER" duration="00:00:00.0016511" startTime="2020-06-16T18:54:09.4153363+02:00" endTime="2020-06-16T18:54:09.4193363+02:00" testType="13cdc9d9-ddb5-4fa4-a97d-d965ccfc6d4b" outcome="Failed" testListId="8c84fa94-04c1-424b-9868-57a2d4851a1d">
      <Output>
        <ErrorInfo>
          <Message>Test method TestProject1.Testy.Test2_SprawdzenieWyszukiwanieNieudane threw exception:  System.Data.SqlClient.SqlException: Incorrect syntax near '@text'..</Message>
          <StackTrace>    w System.Data.SqlClient.SqlConnection.OnError(SqlException exception, Boolean breakConnection)
   w System.Data.SqlClient.SqlInternalConnection.OnError(SqlException exception, Boolean breakConnection)
   w System.Data.SqlClient.TdsParser.ThrowExceptionAndWarning(TdsParserStateObject stateObj)
   w System.Data.SqlClient.TdsParser.Run(RunBehavior runBehavior, SqlCommand cmdHandler, SqlDataReader dataStream, BulkCopySimpleResultSet bulkCopyHandler, TdsParserStateObject stateObj)
   w System.Data.SqlClient.SqlDataReader.ConsumeMetaData()
   w System.Data.SqlClient.SqlDataReader.get_MetaData()
   w System.Data.SqlClient.SqlCommand.FinishExecuteReader(SqlDataReader ds, RunBehavior runBehavior, String resetOptionsString)
   w System.Data.SqlClient.SqlCommand.RunExecuteReaderTds(CommandBehavior cmdBehavior, RunBehavior runBehavior, Boolean returnStream, Boolean async)
   w System.Data.SqlClient.SqlCommand.RunExecuteReader(CommandBehavior cmdBehavior, RunBehavior runBehavior, Boolean returnStream, String method, DbAsyncResult result)
   w System.Data.SqlClient.SqlCommand.RunExecuteReader(CommandBehavior cmdBehavior, RunBehavior runBehavior, Boolean returnStream, String method)
   w System.Data.SqlClient.SqlCommand.ExecuteReader(CommandBehavior behavior, String method)
   w System.Data.SqlClient.SqlCommand.ExecuteReader()
   w CLOB.CLOB.find(String textToFind) w C:\Users\Administrator\Documents\Visual Studio 2008\Projects\ConsoleApplication3\ConsoleApplication3\CLOB.cs:wiersz 40
   w TestProject1.Testy.Test2_SprawdzenieWyszukiwanieNieudane() w C:\Users\Administrator\Documents\Visual Studio 2008\Projects\ConsoleApplication3\TestProject1\Testy.cs:wiersz 58
</StackTrace>
        </ErrorInfo>
      </Output>
    </UnitTestResult>
  </Results>
</TestRun>