<?xml version="1.0" encoding="UTF-8"?>
<TestRun id="a1ab534f-b027-486d-901b-ad3efbac76a0" name="Administrator@MSSQLSERVER 2020-06-18 15:01:14" runUser="MSSQLSERVER\Administrator" xmlns="http://microsoft.com/schemas/VisualStudio/TeamTest/2006">
  <TestRunConfiguration name="Local Test Run" id="8899ada6-f2a4-43d1-a375-1c19b41ffbfc">
    <Description>This is a default test run configuration for a local test run.</Description>
    <Deployment runDeploymentRoot="C:\Users\Administrator\Documents\Visual Studio 2008\Projects\ConsoleApplication3\TestResults\Administrator_MSSQLSERVER 2020-06-18 15_01_14">
      <DeploymentItem filename="C:\Users\Administrator\Documents\Visual Studio 2008\Projects\ConsoleApplication3\ConsoleApplication3\bin\Release\ConsoleApplication3.exe" />
    </Deployment>
    <TestTypeSpecific />
  </TestRunConfiguration>
  <ResultSummary outcome="Failed">
    <Counters total="5" executed="5" passed="2" error="0" failed="3" timeout="0" aborted="0" inconclusive="0" passedButRunAborted="0" notRunnable="0" notExecuted="0" disconnected="0" warning="0" completed="0" inProgress="0" pending="0" />
  </ResultSummary>
  <Times creation="2020-06-18T15:01:14.1570000+02:00" queuing="2020-06-18T15:01:15.6320000+02:00" start="2020-06-18T15:01:15.9860000+02:00" finish="2020-06-18T15:01:18.7150000+02:00" />
  <TestDefinitions>
    <UnitTest name="Test3_SprawdzenieDodaniaPliku" storage="c:\users\administrator\documents\visual studio 2008\projects\consoleapplication3\testproject1\bin\release\testproject1.dll" id="32917399-b40b-8e30-fd01-48dec74d663b">
      <Css projectStructure="" iteration="" />
      <Owners>
        <Owner name="" />
      </Owners>
      <Execution id="c6f75f78-6bd6-4d6a-9211-7ce65fb23346" />
      <TestMethod codeBase="C:\Users\Administrator\Documents\Visual Studio 2008\Projects\ConsoleApplication3\TestProject1\bin\Release\TestProject1.dll" adapterTypeName="Microsoft.VisualStudio.TestTools.TestTypes.Unit.UnitTestAdapter, Microsoft.VisualStudio.QualityTools.Tips.UnitTest.Adapter, Version=9.0.0.0, Culture=neutral, PublicKeyToken=b03f5f7f11d50a3a" className="TestProject1.Testy, TestProject1" name="Test3_SprawdzenieDodaniaPliku" />
    </UnitTest>
    <UnitTest name="Test1_SprawdzenieWyszukiwanieUdane" storage="c:\users\administrator\documents\visual studio 2008\projects\consoleapplication3\testproject1\bin\release\testproject1.dll" id="03599d75-a54e-266f-e48f-de6bdbe66c16">
      <Css projectStructure="" iteration="" />
      <Owners>
        <Owner name="" />
      </Owners>
      <Execution id="8536ba90-f362-46cd-b313-f3ddabe01fb8" />
      <TestMethod codeBase="C:\Users\Administrator\Documents\Visual Studio 2008\Projects\ConsoleApplication3\TestProject1\bin\Release\TestProject1.dll" adapterTypeName="Microsoft.VisualStudio.TestTools.TestTypes.Unit.UnitTestAdapter, Microsoft.VisualStudio.QualityTools.Tips.UnitTest.Adapter, Version=9.0.0.0, Culture=neutral, PublicKeyToken=b03f5f7f11d50a3a" className="TestProject1.Testy, TestProject1" name="Test1_SprawdzenieWyszukiwanieUdane" />
    </UnitTest>
    <UnitTest name="Test2_SprawdzenieWyszukiwanieNieudane" storage="c:\users\administrator\documents\visual studio 2008\projects\consoleapplication3\testproject1\bin\release\testproject1.dll" id="a287e5bd-ca5b-465c-88c9-292b6b416ea4">
      <Css projectStructure="" iteration="" />
      <Owners>
        <Owner name="" />
      </Owners>
      <Execution id="7364bd96-0c87-40d9-a1b7-f41bb8cd4da5" />
      <TestMethod codeBase="C:\Users\Administrator\Documents\Visual Studio 2008\Projects\ConsoleApplication3\TestProject1\bin\Release\TestProject1.dll" adapterTypeName="Microsoft.VisualStudio.TestTools.TestTypes.Unit.UnitTestAdapter, Microsoft.VisualStudio.QualityTools.Tips.UnitTest.Adapter, Version=9.0.0.0, Culture=neutral, PublicKeyToken=b03f5f7f11d50a3a" className="TestProject1.Testy, TestProject1" name="Test2_SprawdzenieWyszukiwanieNieudane" />
    </UnitTest>
    <UnitTest name="Test5_SprawdzenieUsunieciaPlikuZWyszukiwaniem" storage="c:\users\administrator\documents\visual studio 2008\projects\consoleapplication3\testproject1\bin\release\testproject1.dll" id="17ac8747-b1fe-b140-5169-698ae1cd2536">
      <Css projectStructure="" iteration="" />
      <Owners>
        <Owner name="" />
      </Owners>
      <Execution id="70890a69-bca8-4292-ae20-5b470f3b3a7a" />
      <TestMethod codeBase="C:\Users\Administrator\Documents\Visual Studio 2008\Projects\ConsoleApplication3\TestProject1\bin\Release\TestProject1.dll" adapterTypeName="Microsoft.VisualStudio.TestTools.TestTypes.Unit.UnitTestAdapter, Microsoft.VisualStudio.QualityTools.Tips.UnitTest.Adapter, Version=9.0.0.0, Culture=neutral, PublicKeyToken=b03f5f7f11d50a3a" className="TestProject1.Testy, TestProject1" name="Test5_SprawdzenieUsunieciaPlikuZWyszukiwaniem" />
    </UnitTest>
    <UnitTest name="Test4_SprawdzenieUsunieciaPliku" storage="c:\users\administrator\documents\visual studio 2008\projects\consoleapplication3\testproject1\bin\release\testproject1.dll" id="384a83c6-c2ca-84c3-4f13-c1a47f7d004d">
      <Css projectStructure="" iteration="" />
      <Owners>
        <Owner name="" />
      </Owners>
      <Execution id="8c175132-a052-466a-b4f7-2fe5f0f0eadf" />
      <TestMethod codeBase="C:\Users\Administrator\Documents\Visual Studio 2008\Projects\ConsoleApplication3\TestProject1\bin\Release\TestProject1.dll" adapterTypeName="Microsoft.VisualStudio.TestTools.TestTypes.Unit.UnitTestAdapter, Microsoft.VisualStudio.QualityTools.Tips.UnitTest.Adapter, Version=9.0.0.0, Culture=neutral, PublicKeyToken=b03f5f7f11d50a3a" className="TestProject1.Testy, TestProject1" name="Test4_SprawdzenieUsunieciaPliku" />
    </UnitTest>
  </TestDefinitions>
  <TestLists>
    <TestList name="Results Not in a List" id="8c84fa94-04c1-424b-9868-57a2d4851a1d" />
    <TestList name="All Loaded Results" id="19431567-8539-422a-85d7-44ee4e166bda" />
  </TestLists>
  <TestEntries>
    <TestEntry testId="03599d75-a54e-266f-e48f-de6bdbe66c16" executionId="8536ba90-f362-46cd-b313-f3ddabe01fb8" testListId="8c84fa94-04c1-424b-9868-57a2d4851a1d" />
    <TestEntry testId="17ac8747-b1fe-b140-5169-698ae1cd2536" executionId="70890a69-bca8-4292-ae20-5b470f3b3a7a" testListId="8c84fa94-04c1-424b-9868-57a2d4851a1d" />
    <TestEntry testId="32917399-b40b-8e30-fd01-48dec74d663b" executionId="c6f75f78-6bd6-4d6a-9211-7ce65fb23346" testListId="8c84fa94-04c1-424b-9868-57a2d4851a1d" />
    <TestEntry testId="384a83c6-c2ca-84c3-4f13-c1a47f7d004d" executionId="8c175132-a052-466a-b4f7-2fe5f0f0eadf" testListId="8c84fa94-04c1-424b-9868-57a2d4851a1d" />
    <TestEntry testId="a287e5bd-ca5b-465c-88c9-292b6b416ea4" executionId="7364bd96-0c87-40d9-a1b7-f41bb8cd4da5" testListId="8c84fa94-04c1-424b-9868-57a2d4851a1d" />
  </TestEntries>
  <Results>
    <UnitTestResult executionId="8536ba90-f362-46cd-b313-f3ddabe01fb8" testId="03599d75-a54e-266f-e48f-de6bdbe66c16" testName="Test1_SprawdzenieWyszukiwanieUdane" computerName="MSSQLSERVER" duration="00:00:00.1735915" startTime="2020-06-18T15:01:16.2840000+02:00" endTime="2020-06-18T15:01:16.8200000+02:00" testType="13cdc9d9-ddb5-4fa4-a97d-d965ccfc6d4b" outcome="Passed" testListId="8c84fa94-04c1-424b-9868-57a2d4851a1d">
      <Output>
      </Output>
    </UnitTestResult>
    <UnitTestResult executionId="70890a69-bca8-4292-ae20-5b470f3b3a7a" testId="17ac8747-b1fe-b140-5169-698ae1cd2536" testName="Test5_SprawdzenieUsunieciaPlikuZWyszukiwaniem" computerName="MSSQLSERVER" duration="00:00:00.0244283" startTime="2020-06-18T15:01:16.8270000+02:00" endTime="2020-06-18T15:01:16.8610000+02:00" testType="13cdc9d9-ddb5-4fa4-a97d-d965ccfc6d4b" outcome="Failed" testListId="8c84fa94-04c1-424b-9868-57a2d4851a1d">
      <Output>
        <ErrorInfo>
          <Message>Test method TestProject1.Testy.Test5_SprawdzenieUsunieciaPlikuZWyszukiwaniem threw exception:  System.Data.SqlClient.SqlException: Incorrect syntax near '@text'..</Message>
          <StackTrace>    w System.Data.SqlClient.SqlConnection.OnError(SqlException exception, Boolean breakConnection)
   w System.Data.SqlClient.SqlInternalConnection.OnError(SqlException exception, Boolean breakConnection)
   w System.Data.SqlClient.TdsParser.ThrowExceptionAndWarning(TdsParserStateObject stateObj)
   w System.Data.SqlClient.TdsParser.Run(RunBehavior runBehavior, SqlCommand cmdHandler, SqlDataReader dataStream, BulkCopySimpleResultSet bulkCopyHandler, TdsParserStateObject stateObj)
   w System.Data.SqlClient.SqlDataReader.ConsumeMetaData()
   w System.Data.SqlClient.SqlDataReader.get_MetaData()
   w System.Data.SqlClient.SqlCommand.FinishExecuteReader(SqlDataReader ds, RunBehavior runBehavior, String resetOptionsString)
   w System.Data.SqlClient.SqlCommand.RunExecuteReaderTds(CommandBehavior cmdBehavior, RunBehavior runBehavior, Boolean returnStream, Boolean async)
   w System.Data.SqlClient.SqlCommand.RunExecuteReader(CommandBehavior cmdBehavior, RunBehavior runBehavior, Boolean returnStream, String method, DbAsyncResult result)
   w System.Data.SqlClient.SqlCommand.RunExecuteReader(CommandBehavior cmdBehavior, RunBehavior runBehavior, Boolean returnStream, String method)
   w System.Data.SqlClient.SqlCommand.ExecuteReader(CommandBehavior behavior, String method)
   w System.Data.SqlClient.SqlCommand.ExecuteReader()
   w CLOB.CLOB.deleteDocumentWith(String textToFind) w C:\Users\Administrator\Documents\Visual Studio 2008\Projects\ConsoleApplication3\ConsoleApplication3\CLOB.cs:wiersz 75
   w TestProject1.Testy.Test5_SprawdzenieUsunieciaPlikuZWyszukiwaniem() w C:\Users\Administrator\Documents\Visual Studio 2008\Projects\ConsoleApplication3\TestProject1\Testy.cs:wiersz 67
</StackTrace>
        </ErrorInfo>
      </Output>
    </UnitTestResult>
    <UnitTestResult executionId="c6f75f78-6bd6-4d6a-9211-7ce65fb23346" testId="32917399-b40b-8e30-fd01-48dec74d663b" testName="Test3_SprawdzenieDodaniaPliku" computerName="MSSQLSERVER" duration="00:00:00.0824162" startTime="2020-06-18T15:01:16.8650000+02:00" endTime="2020-06-18T15:01:16.9590000+02:00" testType="13cdc9d9-ddb5-4fa4-a97d-d965ccfc6d4b" outcome="Failed" testListId="8c84fa94-04c1-424b-9868-57a2d4851a1d">
      <Output>
        <ErrorInfo>
          <Message>Assert.Fail failed. Assert.Equals should not be used for Assertions. Please use Assert.AreEqual &amp; overloads instead.</Message>
          <StackTrace>   w TestProject1.Testy.Test3_SprawdzenieDodaniaPliku() w C:\Users\Administrator\Documents\Visual Studio 2008\Projects\ConsoleApplication3\TestProject1\Testy.cs:wiersz 54
</StackTrace>
        </ErrorInfo>
      </Output>
    </UnitTestResult>
    <UnitTestResult executionId="8c175132-a052-466a-b4f7-2fe5f0f0eadf" testId="384a83c6-c2ca-84c3-4f13-c1a47f7d004d" testName="Test4_SprawdzenieUsunieciaPliku" computerName="MSSQLSERVER" duration="00:00:00.0110830" startTime="2020-06-18T15:01:16.9630000+02:00" endTime="2020-06-18T15:01:16.9810000+02:00" testType="13cdc9d9-ddb5-4fa4-a97d-d965ccfc6d4b" outcome="Failed" testListId="8c84fa94-04c1-424b-9868-57a2d4851a1d">
      <Output>
        <ErrorInfo>
          <Message>Test method TestProject1.Testy.Test4_SprawdzenieUsunieciaPliku threw exception:  System.Data.SqlClient.SqlException: Incorrect syntax near '='..</Message>
          <StackTrace>    w System.Data.SqlClient.SqlConnection.OnError(SqlException exception, Boolean breakConnection)
   w System.Data.SqlClient.SqlInternalConnection.OnError(SqlException exception, Boolean breakConnection)
   w System.Data.SqlClient.TdsParser.ThrowExceptionAndWarning(TdsParserStateObject stateObj)
   w System.Data.SqlClient.TdsParser.Run(RunBehavior runBehavior, SqlCommand cmdHandler, SqlDataReader dataStream, BulkCopySimpleResultSet bulkCopyHandler, TdsParserStateObject stateObj)
   w System.Data.SqlClient.SqlCommand.FinishExecuteReader(SqlDataReader ds, RunBehavior runBehavior, String resetOptionsString)
   w System.Data.SqlClient.SqlCommand.RunExecuteReaderTds(CommandBehavior cmdBehavior, RunBehavior runBehavior, Boolean returnStream, Boolean async)
   w System.Data.SqlClient.SqlCommand.RunExecuteReader(CommandBehavior cmdBehavior, RunBehavior runBehavior, Boolean returnStream, String method, DbAsyncResult result)
   w System.Data.SqlClient.SqlCommand.InternalExecuteNonQuery(DbAsyncResult result, String methodName, Boolean sendToPipe)
   w System.Data.SqlClient.SqlCommand.ExecuteNonQuery()
   w CLOB.CLOB.deleteDocument(String name) w C:\Users\Administrator\Documents\Visual Studio 2008\Projects\ConsoleApplication3\ConsoleApplication3\CLOB.cs:wiersz 101
   w TestProject1.Testy.Test4_SprawdzenieUsunieciaPliku() w C:\Users\Administrator\Documents\Visual Studio 2008\Projects\ConsoleApplication3\TestProject1\Testy.cs:wiersz 59
</StackTrace>
        </ErrorInfo>
      </Output>
    </UnitTestResult>
    <UnitTestResult executionId="7364bd96-0c87-40d9-a1b7-f41bb8cd4da5" testId="a287e5bd-ca5b-465c-88c9-292b6b416ea4" testName="Test2_SprawdzenieWyszukiwanieNieudane" computerName="MSSQLSERVER" duration="00:00:00.0016334" startTime="2020-06-18T15:01:16.9850000+02:00" endTime="2020-06-18T15:01:16.9900000+02:00" testType="13cdc9d9-ddb5-4fa4-a97d-d965ccfc6d4b" outcome="Passed" testListId="8c84fa94-04c1-424b-9868-57a2d4851a1d">
      <Output>
      </Output>
    </UnitTestResult>
  </Results>
</TestRun>